[debug] [2025-06-29T20:24:26.346Z] ----------------------------------------------------------------------
[debug] [2025-06-29T20:24:26.355Z] Command:       C:\Program Files\nodejs\node.exe C:\Users\MACWIND\AppData\Roaming\npm\node_modules\firebase-tools\lib\bin\firebase.js init
[debug] [2025-06-29T20:24:26.357Z] CLI Version:   14.9.0
[debug] [2025-06-29T20:24:26.357Z] Platform:      win32
[debug] [2025-06-29T20:24:26.357Z] Node Version:  v22.16.0
[debug] [2025-06-29T20:24:26.358Z] Time:          Sun Jun 29 2025 17:24:26 GMT-0300 (Horário Padrão de Brasília)
[debug] [2025-06-29T20:24:26.359Z] ----------------------------------------------------------------------
[debug] 
[debug] [2025-06-29T20:24:26.384Z] > command requires scopes: ["email","openid","https://www.googleapis.com/auth/cloudplatformprojects.readonly","https://www.googleapis.com/auth/firebase","https://www.googleapis.com/auth/cloud-platform"]
[debug] [2025-06-29T20:24:26.386Z] > authorizing via signed-in user (josericardoanalista@gmail.com)
[info] 
     ######## #### ########  ######## ########     ###     ######  ########
     ##        ##  ##     ## ##       ##     ##  ##   ##  ##       ##
     ######    ##  ########  ######   ########  #########  ######  ######
     ##        ##  ##    ##  ##       ##     ## ##     ##       ## ##
     ##       #### ##     ## ######## ########  ##     ##  ######  ########

You're about to initialize a Firebase project in this directory:

  C:\CARDAPIOPLANETBURGUER

Before we get started, keep in mind:

  * You are currently outside your home directory

[info] 
=== Project Setup
[info] 
[info] First, let's associate this project directory with a Firebase project.
[info] You can create multiple project aliases by running firebase use --add, 
[info] but for now we'll just set up a default project.
[info] 
[info] i  If you want to create a project in a Google Cloud organization or folder, please use "firebase projects:create" instead, and return to this command when you've created the project. 
[debug] [2025-06-29T20:25:42.236Z] ExitPromptError: User force closed the prompt with SIGINT
    at Interface.sigint (C:\Users\MACWIND\AppData\Roaming\npm\node_modules\firebase-tools\node_modules\@inquirer\core\dist\commonjs\lib\create-prompt.js:101:37)
    at Interface.emit (node:events:518:28)
    at Interface.emit (node:domain:489:12)
    at [_ttyWrite] [as _ttyWrite] (node:internal/readline/interface:1128:18)
    at ReadStream.onkeypress (node:internal/readline/interface:267:20)
    at ReadStream.emit (node:events:530:35)
    at ReadStream.emit (node:domain:489:12)
    at emitKeys (node:internal/readline/utils:370:14)
    at emitKeys.next (<anonymous>)
    at ReadStream.onData (node:internal/readline/emitKeypressEvents:64:36)
[error] 
[error] Error: An unexpected error has occurred.
